<?xml version="1.0" encoding="utf-8"?><testsuites name="pytest tests"><testsuite name="pytest" errors="0" failures="0" skipped="0" tests="25" time="2.080" timestamp="2026-02-02T02:53:08.197113+00:00" hostname="agent-env-ac857073-e49e-4002-aeb1-66387ac589e6"><testcase classname="backend.tests.test_legendary_resources.TestLegendaryResourcesAPI" name="test_create_account_with_legendary_resources" time="0.112" /><testcase classname="backend.tests.test_legendary_resources.TestLegendaryResourcesAPI" name="test_get_account_returns_legendary_resources" time="0.113" /><testcase classname="backend.tests.test_legendary_resources.TestLegendaryResourcesAPI" name="test_update_legendary_resources" time="0.137" /><testcase classname="backend.tests.test_legendary_resources.TestLegendaryResourcesAPI" name="test_partial_update_legendary_resources" time="0.110" /><testcase classname="backend.tests.test_legendary_resources.TestLegendaryResourcesAPI" name="test_get_all_accounts_includes_legendary_resources" time="0.105" /><testcase classname="backend.tests.test_legendary_resources.TestLegendaryResourcesAPI" name="test_default_legendary_resources" time="0.076" /><testcase classname="backend.tests.test_legendary_resources.TestLegendaryProgressCalculation" name="test_arma_progress_calculation" time="0.065" /><testcase classname="backend.tests.test_legendary_resources.TestLegendaryProgressCalculation" name="test_torso_progress_calculation" time="0.066" /><testcase classname="backend.tests.test_legendary_resources.TestLegendaryProgressCalculation" name="test_colar_progress_calculation" time="0.070" /><testcase classname="backend.tests.test_legendary_resources.TestExistingTestAccount" name="test_existing_test_account_resources" time="0.033" /><testcase classname="backend.tests.test_legendary_resources.TestCleanupLegendary" name="test_cleanup_test_accounts" time="0.033" /><testcase classname="backend.tests.test_mir4_api.TestHealthAndScheduler" name="test_api_root" time="0.033" /><testcase classname="backend.tests.test_mir4_api.TestHealthAndScheduler" name="test_scheduler_status" time="0.035" /><testcase classname="backend.tests.test_mir4_api.TestBossPrices" name="test_get_boss_prices" time="0.076" /><testcase classname="backend.tests.test_mir4_api.TestBossPrices" name="test_update_boss_prices" time="0.110" /><testcase classname="backend.tests.test_mir4_api.TestAccountsCRUD" name="test_get_accounts" time="0.037" /><testcase classname="backend.tests.test_mir4_api.TestAccountsCRUD" name="test_create_account" time="0.066" /><testcase classname="backend.tests.test_mir4_api.TestAccountsCRUD" name="test_create_and_get_account" time="0.107" /><testcase classname="backend.tests.test_mir4_api.TestAccountsCRUD" name="test_update_account" time="0.135" /><testcase classname="backend.tests.test_mir4_api.TestAccountsCRUD" name="test_confirm_account" time="0.137" /><testcase classname="backend.tests.test_mir4_api.TestAccountsCRUD" name="test_delete_account" time="0.146" /><testcase classname="backend.tests.test_mir4_api.TestAccountsCRUD" name="test_get_nonexistent_account" time="0.036" /><testcase classname="backend.tests.test_mir4_api.TestAccountsCRUD" name="test_delete_nonexistent_account" time="0.032" /><testcase classname="backend.tests.test_mir4_api.TestUSDCalculation" name="test_total_usd_calculation" time="0.105" /><testcase classname="backend.tests.test_mir4_api.TestCleanup" name="test_cleanup_test_accounts" time="0.040" /></testsuite></testsuites>