<?xml version="1.0" encoding="utf-8"?><testsuites name="pytest tests"><testsuite name="pytest" errors="0" failures="0" skipped="0" tests="11" time="1.165" timestamp="2026-02-02T02:51:47.079981+00:00" hostname="agent-env-ac857073-e49e-4002-aeb1-66387ac589e6"><testcase classname="backend.tests.test_legendary_resources.TestLegendaryResourcesAPI" name="test_create_account_with_legendary_resources" time="0.130" /><testcase classname="backend.tests.test_legendary_resources.TestLegendaryResourcesAPI" name="test_get_account_returns_legendary_resources" time="0.107" /><testcase classname="backend.tests.test_legendary_resources.TestLegendaryResourcesAPI" name="test_update_legendary_resources" time="0.151" /><testcase classname="backend.tests.test_legendary_resources.TestLegendaryResourcesAPI" name="test_partial_update_legendary_resources" time="0.147" /><testcase classname="backend.tests.test_legendary_resources.TestLegendaryResourcesAPI" name="test_get_all_accounts_includes_legendary_resources" time="0.108" /><testcase classname="backend.tests.test_legendary_resources.TestLegendaryResourcesAPI" name="test_default_legendary_resources" time="0.111" /><testcase classname="backend.tests.test_legendary_resources.TestLegendaryProgressCalculation" name="test_arma_progress_calculation" time="0.072" /><testcase classname="backend.tests.test_legendary_resources.TestLegendaryProgressCalculation" name="test_torso_progress_calculation" time="0.066" /><testcase classname="backend.tests.test_legendary_resources.TestLegendaryProgressCalculation" name="test_colar_progress_calculation" time="0.075" /><testcase classname="backend.tests.test_legendary_resources.TestExistingTestAccount" name="test_existing_test_account_resources" time="0.037" /><testcase classname="backend.tests.test_legendary_resources.TestCleanupLegendary" name="test_cleanup_test_accounts" time="0.048" /></testsuite></testsuites>