<?xml version="1.0" encoding="utf-8"?><testsuites name="pytest tests"><testsuite name="pytest" errors="0" failures="0" skipped="0" tests="14" time="1.297" timestamp="2026-01-30T06:11:02.949462+00:00" hostname="agent-env-ac857073-e49e-4002-aeb1-66387ac589e6"><testcase classname="backend.tests.test_mir4_api.TestHealthAndScheduler" name="test_api_root" time="0.076" /><testcase classname="backend.tests.test_mir4_api.TestHealthAndScheduler" name="test_scheduler_status" time="0.039" /><testcase classname="backend.tests.test_mir4_api.TestBossPrices" name="test_get_boss_prices" time="0.078" /><testcase classname="backend.tests.test_mir4_api.TestBossPrices" name="test_update_boss_prices" time="0.074" /><testcase classname="backend.tests.test_mir4_api.TestAccountsCRUD" name="test_get_accounts" time="0.040" /><testcase classname="backend.tests.test_mir4_api.TestAccountsCRUD" name="test_create_account" time="0.081" /><testcase classname="backend.tests.test_mir4_api.TestAccountsCRUD" name="test_create_and_get_account" time="0.111" /><testcase classname="backend.tests.test_mir4_api.TestAccountsCRUD" name="test_update_account" time="0.141" /><testcase classname="backend.tests.test_mir4_api.TestAccountsCRUD" name="test_confirm_account" time="0.208" /><testcase classname="backend.tests.test_mir4_api.TestAccountsCRUD" name="test_delete_account" time="0.112" /><testcase classname="backend.tests.test_mir4_api.TestAccountsCRUD" name="test_get_nonexistent_account" time="0.043" /><testcase classname="backend.tests.test_mir4_api.TestAccountsCRUD" name="test_delete_nonexistent_account" time="0.034" /><testcase classname="backend.tests.test_mir4_api.TestUSDCalculation" name="test_total_usd_calculation" time="0.109" /><testcase classname="backend.tests.test_mir4_api.TestCleanup" name="test_cleanup_test_accounts" time="0.038" /></testsuite></testsuites>